This file contains any messages produced by compilers while
running configure, to aid debugging if configure makes a mistake.

It was created by pwgen configure 0.0.1, which was
generated by GNU Autoconf 2.69.  Invocation command line was

  $ ./configure 

## --------- ##
## Platform. ##
## --------- ##

hostname = C02G9KS4DRJ7.local
uname -m = x86_64
uname -r = 13.1.0
uname -s = Darwin
uname -v = Darwin Kernel Version 13.1.0: Thu Jan 16 19:40:37 PST 2014; root:xnu-2422.90.20~2/RELEASE_X86_64

/usr/bin/uname -p = i386
/bin/uname -X     = unknown

/bin/arch              = unknown
/usr/bin/arch -k       = unknown
/usr/convex/getsysinfo = unknown
/usr/bin/hostinfo      = Mach kernel version:
	 Darwin Kernel Version 13.1.0: Thu Jan 16 19:40:37 PST 2014; root:xnu-2422.90.20~2/RELEASE_X86_64
Kernel configured for up to 4 processors.
2 processors are physically available.
4 processors are logically available.
Processor type: i486 (Intel 80486)
Processors active: 0 1 2 3
Primary memory available: 8.00 gigabytes
Default processor set: 157 tasks, 787 threads, 4 processors
Load average: 0.99, Mach factor: 3.00
/bin/machine           = unknown
/usr/bin/oslevel       = unknown
/bin/universe          = unknown

PATH: /usr/local/bin
PATH: /usr/local/bin
PATH: /usr/bin
PATH: /bin
PATH: /usr/sbin
PATH: /sbin
PATH: /usr/local/bin


## ----------- ##
## Core tests. ##
## ----------- ##

configure:2188: checking for a BSD-compatible install
configure:2256: result: /usr/bin/install -c
configure:2267: checking whether build environment is sane
configure:2322: result: yes
configure:2473: checking for a thread-safe mkdir -p
configure:2512: result: ./install-sh -c -d
configure:2519: checking for gawk
configure:2549: result: no
configure:2519: checking for mawk
configure:2549: result: no
configure:2519: checking for nawk
configure:2549: result: no
configure:2519: checking for awk
configure:2535: found /usr/bin/awk
configure:2546: result: awk
configure:2557: checking whether make sets $(MAKE)
configure:2579: result: yes
configure:2608: checking whether make supports nested variables
configure:2625: result: yes
configure:2803: checking for gcc
configure:2819: found /usr/bin/gcc
configure:2830: result: gcc
configure:3059: checking for C compiler version
configure:3068: gcc --version >&5
Apple LLVM version 5.1 (clang-503.0.40) (based on LLVM 3.4svn)
Target: x86_64-apple-darwin13.1.0
Thread model: posix
Configured with: --prefix=/Library/Developer/CommandLineTools/usr --with-gxx-include-dir=/usr/include/c++/4.2.1
configure:3079: $? = 0
configure:3068: gcc -v >&5
Configured with: --prefix=/Library/Developer/CommandLineTools/usr --with-gxx-include-dir=/usr/include/c++/4.2.1
Apple LLVM version 5.1 (clang-503.0.40) (based on LLVM 3.4svn)
Target: x86_64-apple-darwin13.1.0
Thread model: posix
configure:3079: $? = 0
configure:3068: gcc -V >&5
clang: error: argument to '-V' is missing (expected 1 value)
clang: error: no input files
configure:3079: $? = 1
configure:3068: gcc -qversion >&5
clang: error: unknown argument: '-qversion' [-Wunused-command-line-argument-hard-error-in-future]
clang: note: this will be a hard error (cannot be downgraded to a warning) in the future
clang: error: no input files
configure:3079: $? = 1
configure:3099: checking whether the C compiler works
configure:3121: gcc    conftest.c  >&5
configure:3125: $? = 0
configure:3173: result: yes
configure:3176: checking for C compiler default output file name
configure:3178: result: a.out
configure:3184: checking for suffix of executables
configure:3191: gcc -o conftest    conftest.c  >&5
configure:3195: $? = 0
configure:3217: result: 
configure:3239: checking whether we are cross compiling
configure:3247: gcc -o conftest    conftest.c  >&5
configure:3251: $? = 0
configure:3258: ./conftest
configure:3262: $? = 0
configure:3277: result: no
configure:3282: checking for suffix of object files
configure:3304: gcc -c   conftest.c >&5
configure:3308: $? = 0
configure:3329: result: o
configure:3333: checking whether we are using the GNU C compiler
configure:3352: gcc -c   conftest.c >&5
configure:3352: $? = 0
configure:3361: result: yes
configure:3370: checking whether gcc accepts -g
configure:3390: gcc -c -g  conftest.c >&5
configure:3390: $? = 0
configure:3431: result: yes
configure:3448: checking for gcc option to accept ISO C89
configure:3511: gcc  -c -g -O2  conftest.c >&5
configure:3511: $? = 0
configure:3524: result: none needed
configure:3549: checking whether gcc understands -c and -o together
configure:3571: gcc -c conftest.c -o conftest2.o
configure:3574: $? = 0
configure:3571: gcc -c conftest.c -o conftest2.o
configure:3574: $? = 0
configure:3586: result: yes
configure:3614: checking for style of include used by make
configure:3642: result: GNU
configure:3668: checking dependency style of gcc
configure:3779: result: gcc3
configure:3804: checking how to run the C preprocessor
configure:3835: gcc -E  conftest.c
configure:3835: $? = 0
configure:3849: gcc -E  conftest.c
conftest.c:11:10: fatal error: 'ac_nonexistent.h' file not found
#include <ac_nonexistent.h>
         ^
1 error generated.
configure:3849: $? = 1
configure: failed program was:
| /* confdefs.h */
| #define PACKAGE_NAME "pwgen"
| #define PACKAGE_TARNAME "pwgen"
| #define PACKAGE_VERSION "0.0.1"
| #define PACKAGE_STRING "pwgen 0.0.1"
| #define PACKAGE_BUGREPORT "prathikraj@ymail.com"
| #define PACKAGE_URL ""
| #define PACKAGE "pwgen"
| #define VERSION "0.0.1"
| /* end confdefs.h.  */
| #include <ac_nonexistent.h>
configure:3874: result: gcc -E
configure:3894: gcc -E  conftest.c
configure:3894: $? = 0
configure:3908: gcc -E  conftest.c
conftest.c:11:10: fatal error: 'ac_nonexistent.h' file not found
#include <ac_nonexistent.h>
         ^
1 error generated.
configure:3908: $? = 1
configure: failed program was:
| /* confdefs.h */
| #define PACKAGE_NAME "pwgen"
| #define PACKAGE_TARNAME "pwgen"
| #define PACKAGE_VERSION "0.0.1"
| #define PACKAGE_STRING "pwgen 0.0.1"
| #define PACKAGE_BUGREPORT "prathikraj@ymail.com"
| #define PACKAGE_URL ""
| #define PACKAGE "pwgen"
| #define VERSION "0.0.1"
| /* end confdefs.h.  */
| #include <ac_nonexistent.h>
configure:3937: checking for grep that handles long lines and -e
configure:3995: result: /usr/bin/grep
configure:4000: checking for egrep
configure:4062: result: /usr/bin/grep -E
configure:4067: checking for ANSI C header files
configure:4087: gcc -c -g -O2  conftest.c >&5
configure:4087: $? = 0
configure:4160: gcc -o conftest -g -O2   conftest.c  >&5
configure:4160: $? = 0
configure:4160: ./conftest
configure:4160: $? = 0
configure:4171: result: yes
configure:4184: checking for sys/types.h
configure:4184: gcc -c -g -O2  conftest.c >&5
configure:4184: $? = 0
configure:4184: result: yes
configure:4184: checking for sys/stat.h
configure:4184: gcc -c -g -O2  conftest.c >&5
configure:4184: $? = 0
configure:4184: result: yes
configure:4184: checking for stdlib.h
configure:4184: gcc -c -g -O2  conftest.c >&5
configure:4184: $? = 0
configure:4184: result: yes
configure:4184: checking for string.h
configure:4184: gcc -c -g -O2  conftest.c >&5
configure:4184: $? = 0
configure:4184: result: yes
configure:4184: checking for memory.h
configure:4184: gcc -c -g -O2  conftest.c >&5
configure:4184: $? = 0
configure:4184: result: yes
configure:4184: checking for strings.h
configure:4184: gcc -c -g -O2  conftest.c >&5
configure:4184: $? = 0
configure:4184: result: yes
configure:4184: checking for inttypes.h
configure:4184: gcc -c -g -O2  conftest.c >&5
configure:4184: $? = 0
configure:4184: result: yes
configure:4184: checking for stdint.h
configure:4184: gcc -c -g -O2  conftest.c >&5
configure:4184: $? = 0
configure:4184: result: yes
configure:4184: checking for unistd.h
configure:4184: gcc -c -g -O2  conftest.c >&5
configure:4184: $? = 0
configure:4184: result: yes
configure:4199: checking for stdlib.h
configure:4199: result: yes
configure:4199: checking for string.h
configure:4199: result: yes
configure:4199: checking for unistd.h
configure:4199: result: yes
configure:4215: checking for strtol
configure:4215: gcc -o conftest -g -O2   conftest.c  >&5
configure:4215: $? = 0
configure:4215: result: yes
configure:4335: checking that generated files are newer than configure
configure:4341: result: done
configure:4364: creating ./config.status

## ---------------------- ##
## Running config.status. ##
## ---------------------- ##

This file was extended by pwgen config.status 0.0.1, which was
generated by GNU Autoconf 2.69.  Invocation command line was

  CONFIG_FILES    = 
  CONFIG_HEADERS  = 
  CONFIG_LINKS    = 
  CONFIG_COMMANDS = 
  $ ./config.status 

on C02G9KS4DRJ7.local

config.status:857: creating Makefile
config.status:857: creating src/Makefile
config.status:857: creating config.h
config.status:1038: config.h is unchanged
config.status:1086: executing depfiles commands

## ---------------- ##
## Cache variables. ##
## ---------------- ##

ac_cv_c_compiler_gnu=yes
ac_cv_env_CC_set=
ac_cv_env_CC_value=
ac_cv_env_CFLAGS_set=
ac_cv_env_CFLAGS_value=
ac_cv_env_CPPFLAGS_set=
ac_cv_env_CPPFLAGS_value=
ac_cv_env_CPP_set=
ac_cv_env_CPP_value=
ac_cv_env_LDFLAGS_set=
ac_cv_env_LDFLAGS_value=
ac_cv_env_LIBS_set=
ac_cv_env_LIBS_value=
ac_cv_env_build_alias_set=
ac_cv_env_build_alias_value=
ac_cv_env_host_alias_set=
ac_cv_env_host_alias_value=
ac_cv_env_target_alias_set=
ac_cv_env_target_alias_value=
ac_cv_func_strtol=yes
ac_cv_header_inttypes_h=yes
ac_cv_header_memory_h=yes
ac_cv_header_stdc=yes
ac_cv_header_stdint_h=yes
ac_cv_header_stdlib_h=yes
ac_cv_header_string_h=yes
ac_cv_header_strings_h=yes
ac_cv_header_sys_stat_h=yes
ac_cv_header_sys_types_h=yes
ac_cv_header_unistd_h=yes
ac_cv_objext=o
ac_cv_path_EGREP='/usr/bin/grep -E'
ac_cv_path_GREP=/usr/bin/grep
ac_cv_path_install='/usr/bin/install -c'
ac_cv_prog_AWK=awk
ac_cv_prog_CPP='gcc -E'
ac_cv_prog_ac_ct_CC=gcc
ac_cv_prog_cc_c89=
ac_cv_prog_cc_g=yes
ac_cv_prog_make_make_set=yes
am_cv_CC_dependencies_compiler_type=gcc3
am_cv_make_support_nested_variables=yes
am_cv_prog_cc_c_o=yes

## ----------------- ##
## Output variables. ##
## ----------------- ##

ACLOCAL='${SHELL} /Users/prathik.raj/Downloads/split/missing aclocal-1.14'
AMDEPBACKSLASH='\'
AMDEP_FALSE='#'
AMDEP_TRUE=''
AMTAR='$${TAR-tar}'
AM_BACKSLASH='\'
AM_DEFAULT_V='$(AM_DEFAULT_VERBOSITY)'
AM_DEFAULT_VERBOSITY='1'
AM_V='$(V)'
AUTOCONF='${SHELL} /Users/prathik.raj/Downloads/split/missing autoconf'
AUTOHEADER='${SHELL} /Users/prathik.raj/Downloads/split/missing autoheader'
AUTOMAKE='${SHELL} /Users/prathik.raj/Downloads/split/missing automake-1.14'
AWK='awk'
CC='gcc'
CCDEPMODE='depmode=gcc3'
CFLAGS='-g -O2'
CPP='gcc -E'
CPPFLAGS=''
CYGPATH_W='echo'
DEFS='-DHAVE_CONFIG_H'
DEPDIR='.deps'
ECHO_C='\c'
ECHO_N=''
ECHO_T=''
EGREP='/usr/bin/grep -E'
EXEEXT=''
GREP='/usr/bin/grep'
INSTALL_DATA='${INSTALL} -m 644'
INSTALL_PROGRAM='${INSTALL}'
INSTALL_SCRIPT='${INSTALL}'
INSTALL_STRIP_PROGRAM='$(install_sh) -c -s'
LDFLAGS=''
LIBOBJS=''
LIBS=''
LTLIBOBJS=''
MAKEINFO='${SHELL} /Users/prathik.raj/Downloads/split/missing makeinfo'
MKDIR_P='./install-sh -c -d'
OBJEXT='o'
PACKAGE='pwgen'
PACKAGE_BUGREPORT='prathikraj@ymail.com'
PACKAGE_NAME='pwgen'
PACKAGE_STRING='pwgen 0.0.1'
PACKAGE_TARNAME='pwgen'
PACKAGE_URL=''
PACKAGE_VERSION='0.0.1'
PATH_SEPARATOR=':'
SET_MAKE=''
SHELL='/bin/sh'
STRIP=''
VERSION='0.0.1'
ac_ct_CC='gcc'
am__EXEEXT_FALSE=''
am__EXEEXT_TRUE='#'
am__fastdepCC_FALSE='#'
am__fastdepCC_TRUE=''
am__include='include'
am__isrc=''
am__leading_dot='.'
am__nodep='_no'
am__quote=''
am__tar='$${TAR-tar} chof - "$$tardir"'
am__untar='$${TAR-tar} xf -'
bindir='${exec_prefix}/bin'
build_alias=''
datadir='${datarootdir}'
datarootdir='${prefix}/share'
docdir='${datarootdir}/doc/${PACKAGE_TARNAME}'
dvidir='${docdir}'
exec_prefix='${prefix}'
host_alias=''
htmldir='${docdir}'
includedir='${prefix}/include'
infodir='${datarootdir}/info'
install_sh='${SHELL} /Users/prathik.raj/Downloads/split/install-sh'
libdir='${exec_prefix}/lib'
libexecdir='${exec_prefix}/libexec'
localedir='${datarootdir}/locale'
localstatedir='${prefix}/var'
mandir='${datarootdir}/man'
mkdir_p='$(MKDIR_P)'
oldincludedir='/usr/include'
pdfdir='${docdir}'
prefix='/usr/local'
program_transform_name='s,x,x,'
psdir='${docdir}'
sbindir='${exec_prefix}/sbin'
sharedstatedir='${prefix}/com'
sysconfdir='${prefix}/etc'
target_alias=''

## ----------- ##
## confdefs.h. ##
## ----------- ##

/* confdefs.h */
#define PACKAGE_NAME "pwgen"
#define PACKAGE_TARNAME "pwgen"
#define PACKAGE_VERSION "0.0.1"
#define PACKAGE_STRING "pwgen 0.0.1"
#define PACKAGE_BUGREPORT "prathikraj@ymail.com"
#define PACKAGE_URL ""
#define PACKAGE "pwgen"
#define VERSION "0.0.1"
#define STDC_HEADERS 1
#define HAVE_SYS_TYPES_H 1
#define HAVE_SYS_STAT_H 1
#define HAVE_STDLIB_H 1
#define HAVE_STRING_H 1
#define HAVE_MEMORY_H 1
#define HAVE_STRINGS_H 1
#define HAVE_INTTYPES_H 1
#define HAVE_STDINT_H 1
#define HAVE_UNISTD_H 1
#define HAVE_STDLIB_H 1
#define HAVE_STRING_H 1
#define HAVE_UNISTD_H 1
#define HAVE_STRTOL 1

configure: exit 0

## ---------------------- ##
## Running config.status. ##
## ---------------------- ##

This file was extended by pwgen config.status 0.0.1, which was
generated by GNU Autoconf 2.69.  Invocation command line was

  CONFIG_FILES    = 
  CONFIG_HEADERS  = 
  CONFIG_LINKS    = 
  CONFIG_COMMANDS = 
  $ ./config.status config.h

on C02G9KS4DRJ7.local

config.status:857: creating config.h
config.status:1038: config.h is unchanged
